[20:08:55] [ServerMain/INFO]: Environment: Environment[sessionHost=https://sessionserver.mojang.com, servicesHost=https://api.minecraftservices.com, name=PROD]
[20:08:57] [ServerMain/INFO]: Loaded 7 recipes
[20:08:57] [ServerMain/INFO]: Loaded 1271 advancements
[20:08:58] [Server thread/INFO]: Starting minecraft server version 1.20.4
[20:08:58] [Server thread/INFO]: Loading properties
[20:08:58] [Server thread/INFO]: Default game type: SURVIVAL
[20:08:58] [Server thread/INFO]: Generating keypair
[20:08:58] [Server thread/INFO]: Starting Minecraft server on *:25565
[20:08:58] [Server thread/INFO]: Using default channel type
[20:08:58] [Server thread/WARN]: **** SERVER IS RUNNING IN OFFLINE/INSECURE MODE!
[20:08:58] [Server thread/WARN]: The server will make no attempt to authenticate usernames. Beware.
[20:08:58] [Server thread/WARN]: While this makes the game possible to play without internet access, it also opens up the ability for hackers to connect with any username they choose.
[20:08:58] [Server thread/WARN]: To change this, set "online-mode" to "true" in the server.properties file.
[20:08:58] [Server thread/INFO]: Preparing level "MineWithBros"
[20:08:59] [Server thread/INFO]: Preparing start region for dimension minecraft:overworld
[20:09:01] [Worker-Main-3/INFO]: Preparing spawn area: 0%
[20:09:01] [Worker-Main-8/INFO]: Preparing spawn area: 0%
[20:09:01] [Worker-Main-1/INFO]: Preparing spawn area: 0%
[20:09:01] [Worker-Main-11/INFO]: Preparing spawn area: 0%
[20:09:01] [Worker-Main-1/INFO]: Preparing spawn area: 0%
[20:09:01] [Worker-Main-3/INFO]: Preparing spawn area: 0%
[20:09:02] [Worker-Main-10/INFO]: Preparing spawn area: 0%
[20:09:02] [Worker-Main-15/INFO]: Preparing spawn area: 83%
[20:09:02] [Server thread/INFO]: Time elapsed: 3556 ms
[20:09:02] [Server thread/INFO]: Done (4.223s)! For help, type "help"
[20:09:41] [Server thread/INFO]: ClownPsyco[/192.168.1.1:33645] logged in with entity id 243 at (-88.40139663639378, 65.0, -446.1018651930136)
[20:09:41] [Server thread/INFO]: ClownPsyco joined the game
[20:31:21] [Server thread/INFO]: ClownPsyco has made the advancement [This Boat Has Legs]
[20:44:54] [Server thread/INFO]: [ClownPsyco: Set own game mode to Creative Mode]
[20:56:33] [Server thread/INFO]: [ClownPsyco: Set own game mode to Survival Mode]
[20:59:24] [Server thread/INFO]: [ClownPsyco: Set own game mode to Creative Mode]
[21:00:09] [Server thread/INFO]: [ClownPsyco: Set own game mode to Survival Mode]
[21:08:40] [Server thread/INFO]: [ClownPsyco: Set own game mode to Creative Mode]
[21:10:22] [Server thread/INFO]: [ClownPsyco: Set own game mode to Survival Mode]
[21:13:23] [Server thread/INFO]: [ClownPsyco: Set own game mode to Creative Mode]
[21:13:59] [Server thread/INFO]: [ClownPsyco: Set own game mode to Survival Mode]
[21:14:20] [Server thread/INFO]: [ClownPsyco: Set own game mode to Creative Mode]
[21:14:26] [Server thread/INFO]: [ClownPsyco: Set own game mode to Survival Mode]
[21:14:32] [Server thread/INFO]: [ClownPsyco: Set own game mode to Creative Mode]
[21:14:45] [Server thread/INFO]: [ClownPsyco: Set own game mode to Survival Mode]
[21:15:07] [Server thread/INFO]: [ClownPsyco: Set own game mode to Creative Mode]
[21:15:13] [Server thread/INFO]: [ClownPsyco: Set own game mode to Survival Mode]
[21:18:46] [Server thread/INFO]: [ClownPsyco: Set own game mode to Creative Mode]
[21:21:36] [Server thread/INFO]: [ClownPsyco: Set own game mode to Survival Mode]
[21:43:50] [Server thread/INFO]: ClownPsyco lost connection: Disconnected
[21:43:50] [Server thread/INFO]: ClownPsyco left the game
[21:43:55] [Server thread/INFO]: ClownPsyco[/192.168.1.1:11557] logged in with entity id 17941 at (-92.21656767943782, 65.0, -444.7727689036565)
[21:43:55] [Server thread/INFO]: ClownPsyco joined the game
[21:44:00] [Server thread/INFO]: ClownPsyco lost connection: Disconnected
[21:44:00] [Server thread/INFO]: ClownPsyco left the game
[21:44:05] [Server thread/INFO]: Saving the game (this may take a moment!)
[21:44:05] [Server thread/INFO]: Saved the game
[21:44:10] [Server thread/INFO]: Stopping the server
[21:44:10] [Server thread/INFO]: Stopping server
[21:44:10] [Server thread/INFO]: Saving players
[21:44:10] [Server thread/INFO]: Saving worlds
[21:44:10] [Server thread/INFO]: Saving chunks for level 'ServerLevel[MineWithBros]'/minecraft:overworld
[21:44:10] [Server thread/INFO]: Saving chunks for level 'ServerLevel[MineWithBros]'/minecraft:the_end
[21:44:10] [Server thread/INFO]: Saving chunks for level 'ServerLevel[MineWithBros]'/minecraft:the_nether
[21:44:10] [Server thread/INFO]: ThreadedAnvilChunkStorage (MineWithBros): All chunks are saved
[21:44:10] [Server thread/INFO]: ThreadedAnvilChunkStorage (DIM1): All chunks are saved
[21:44:10] [Server thread/INFO]: ThreadedAnvilChunkStorage (DIM-1): All chunks are saved
[21:44:10] [Server thread/INFO]: ThreadedAnvilChunkStorage: All dimensions are saved
